[0.515s] Invoking command in '/Users/felipemesa/miniconda3/envs/ros2/src/tarea_ros': CONDA_PROMPT_MODIFIER=(ros2) PYTHONPATH=/Users/felipemesa/miniconda3/envs/ros2/src/tarea_ros/build/tarea_ros/prefix_override:/Users/felipemesa/miniconda3/envs/ros2/lib/python3.11/site-packages/colcon_core/task/python/colcon_distutils_commands:/Users/felipemesa/miniconda3/envs/ros2/src/tarea_ros/install/tarea_ros/lib/python3.11/site-packages:${PYTHONPATH} SHLVL=3 _=/usr/bin/env /Users/felipemesa/miniconda3/envs/ros2/bin/python3.11 -W ignore:setup.py install is deprecated setup.py egg_info --egg-base build/tarea_ros build --build-base /Users/felipemesa/miniconda3/envs/ros2/src/tarea_ros/build/tarea_ros/build install --record /Users/felipemesa/miniconda3/envs/ros2/src/tarea_ros/build/tarea_ros/install.log --single-version-externally-managed install_data
[0.616s] /Users/felipemesa/miniconda3/envs/ros2/lib/python3.11/site-packages/setuptools/_distutils/dist.py:261: UserWarning: Unknown distribution option: 'tests_require'
[0.616s]   warnings.warn(msg)
[0.666s] running egg_info
[0.675s] writing build/tarea_ros/tarea_ros.egg-info/PKG-INFO
[0.675s] writing dependency_links to build/tarea_ros/tarea_ros.egg-info/dependency_links.txt
[0.675s] writing entry points to build/tarea_ros/tarea_ros.egg-info/entry_points.txt
[0.675s] writing requirements to build/tarea_ros/tarea_ros.egg-info/requires.txt
[0.675s] writing top-level names to build/tarea_ros/tarea_ros.egg-info/top_level.txt
[0.691s] reading manifest file 'build/tarea_ros/tarea_ros.egg-info/SOURCES.txt'
[0.691s] adding license file 'LICENSE'
[0.692s] writing manifest file 'build/tarea_ros/tarea_ros.egg-info/SOURCES.txt'
[0.692s] running build
[0.692s] running build_py
[0.692s] copying tarea_ros/__init__.py -> /Users/felipemesa/miniconda3/envs/ros2/src/tarea_ros/build/tarea_ros/build/lib/tarea_ros
[0.692s] copying tarea_ros/publisherNode.py -> /Users/felipemesa/miniconda3/envs/ros2/src/tarea_ros/build/tarea_ros/build/lib/tarea_ros
[0.693s] running install
[0.696s] running install_lib
[0.704s] running install_data
[0.704s] copying resource/tarea_ros -> /Users/felipemesa/miniconda3/envs/ros2/src/tarea_ros/install/tarea_ros/share/ament_index/resource_index/packages
[0.704s] copying package.xml -> /Users/felipemesa/miniconda3/envs/ros2/src/tarea_ros/install/tarea_ros/share/tarea_ros
[0.705s] running install_egg_info
[0.714s] removing '/Users/felipemesa/miniconda3/envs/ros2/src/tarea_ros/install/tarea_ros/lib/python3.11/site-packages/tarea_ros-0.0.0-py3.11.egg-info' (and everything under it)
[0.714s] Copying build/tarea_ros/tarea_ros.egg-info to /Users/felipemesa/miniconda3/envs/ros2/src/tarea_ros/install/tarea_ros/lib/python3.11/site-packages/tarea_ros-0.0.0-py3.11.egg-info
[0.716s] running install_scripts
[0.773s] Installing publisherNode script to /Users/felipemesa/miniconda3/envs/ros2/src/tarea_ros/install/tarea_ros/lib/tarea_ros
[0.773s] writing list of installed files to '/Users/felipemesa/miniconda3/envs/ros2/src/tarea_ros/build/tarea_ros/install.log'
[0.787s] Invoked command in '/Users/felipemesa/miniconda3/envs/ros2/src/tarea_ros' returned '0': CONDA_PROMPT_MODIFIER=(ros2) PYTHONPATH=/Users/felipemesa/miniconda3/envs/ros2/src/tarea_ros/build/tarea_ros/prefix_override:/Users/felipemesa/miniconda3/envs/ros2/lib/python3.11/site-packages/colcon_core/task/python/colcon_distutils_commands:/Users/felipemesa/miniconda3/envs/ros2/src/tarea_ros/install/tarea_ros/lib/python3.11/site-packages:${PYTHONPATH} SHLVL=3 _=/usr/bin/env /Users/felipemesa/miniconda3/envs/ros2/bin/python3.11 -W ignore:setup.py install is deprecated setup.py egg_info --egg-base build/tarea_ros build --build-base /Users/felipemesa/miniconda3/envs/ros2/src/tarea_ros/build/tarea_ros/build install --record /Users/felipemesa/miniconda3/envs/ros2/src/tarea_ros/build/tarea_ros/install.log --single-version-externally-managed install_data
