[0.517s] Invoking command in '/Users/felipemesa/miniconda3/envs/ros2/src/tarea_ros': CONDA_PROMPT_MODIFIER=(ros2) PYTHONPATH=/Users/felipemesa/miniconda3/envs/ros2/src/tarea_ros/build/tarea_ros/prefix_override:/Users/felipemesa/miniconda3/envs/ros2/lib/python3.11/site-packages/colcon_core/task/python/colcon_distutils_commands:/Users/felipemesa/miniconda3/envs/ros2/src/tarea_ros/install/tarea_ros/lib/python3.11/site-packages:${PYTHONPATH} SHLVL=2 _=/Users/felipemesa/miniconda3/envs/ros2/bin/env /Users/felipemesa/miniconda3/envs/ros2/bin/python3.11 -W ignore:setup.py install is deprecated setup.py egg_info --egg-base build/tarea_ros build --build-base /Users/felipemesa/miniconda3/envs/ros2/src/tarea_ros/build/tarea_ros/build install --record /Users/felipemesa/miniconda3/envs/ros2/src/tarea_ros/build/tarea_ros/install.log --single-version-externally-managed install_data
[0.616s] /Users/felipemesa/miniconda3/envs/ros2/lib/python3.11/site-packages/setuptools/_distutils/dist.py:261: UserWarning: Unknown distribution option: 'tests_require'
[0.616s]   warnings.warn(msg)
[0.675s] running egg_info
[0.684s] creating build/tarea_ros/tarea_ros.egg-info
[0.684s] writing build/tarea_ros/tarea_ros.egg-info/PKG-INFO
[0.684s] writing dependency_links to build/tarea_ros/tarea_ros.egg-info/dependency_links.txt
[0.684s] writing entry points to build/tarea_ros/tarea_ros.egg-info/entry_points.txt
[0.684s] writing requirements to build/tarea_ros/tarea_ros.egg-info/requires.txt
[0.685s] writing top-level names to build/tarea_ros/tarea_ros.egg-info/top_level.txt
[0.685s] writing manifest file 'build/tarea_ros/tarea_ros.egg-info/SOURCES.txt'
[0.703s] reading manifest file 'build/tarea_ros/tarea_ros.egg-info/SOURCES.txt'
[0.703s] adding license file 'LICENSE'
[0.704s] writing manifest file 'build/tarea_ros/tarea_ros.egg-info/SOURCES.txt'
[0.704s] running build
[0.704s] running build_py
[0.704s] creating /Users/felipemesa/miniconda3/envs/ros2/src/tarea_ros/build/tarea_ros/build/lib/tarea_ros
[0.704s] copying tarea_ros/__init__.py -> /Users/felipemesa/miniconda3/envs/ros2/src/tarea_ros/build/tarea_ros/build/lib/tarea_ros
[0.704s] copying tarea_ros/publisherNode.py -> /Users/felipemesa/miniconda3/envs/ros2/src/tarea_ros/build/tarea_ros/build/lib/tarea_ros
[0.705s] running install
[0.708s] running install_lib
[0.718s] creating /Users/felipemesa/miniconda3/envs/ros2/src/tarea_ros/install/tarea_ros/lib/python3.11/site-packages/tarea_ros
[0.719s] copying /Users/felipemesa/miniconda3/envs/ros2/src/tarea_ros/build/tarea_ros/build/lib/tarea_ros/__init__.py -> /Users/felipemesa/miniconda3/envs/ros2/src/tarea_ros/install/tarea_ros/lib/python3.11/site-packages/tarea_ros
[0.719s] copying /Users/felipemesa/miniconda3/envs/ros2/src/tarea_ros/build/tarea_ros/build/lib/tarea_ros/publisherNode.py -> /Users/felipemesa/miniconda3/envs/ros2/src/tarea_ros/install/tarea_ros/lib/python3.11/site-packages/tarea_ros
[0.720s] byte-compiling /Users/felipemesa/miniconda3/envs/ros2/src/tarea_ros/install/tarea_ros/lib/python3.11/site-packages/tarea_ros/__init__.py to __init__.cpython-311.pyc
[0.720s] byte-compiling /Users/felipemesa/miniconda3/envs/ros2/src/tarea_ros/install/tarea_ros/lib/python3.11/site-packages/tarea_ros/publisherNode.py to publisherNode.cpython-311.pyc
[0.720s] running install_data
[0.720s] creating /Users/felipemesa/miniconda3/envs/ros2/src/tarea_ros/install/tarea_ros/share/ament_index/resource_index/packages
[0.721s] copying resource/tarea_ros -> /Users/felipemesa/miniconda3/envs/ros2/src/tarea_ros/install/tarea_ros/share/ament_index/resource_index/packages
[0.721s] copying package.xml -> /Users/felipemesa/miniconda3/envs/ros2/src/tarea_ros/install/tarea_ros/share/tarea_ros
[0.721s] running install_egg_info
[0.730s] Copying build/tarea_ros/tarea_ros.egg-info to /Users/felipemesa/miniconda3/envs/ros2/src/tarea_ros/install/tarea_ros/lib/python3.11/site-packages/tarea_ros-0.0.0-py3.11.egg-info
[0.732s] running install_scripts
[0.783s] Installing publisherNode script to /Users/felipemesa/miniconda3/envs/ros2/src/tarea_ros/install/tarea_ros/lib/tarea_ros
[0.784s] writing list of installed files to '/Users/felipemesa/miniconda3/envs/ros2/src/tarea_ros/build/tarea_ros/install.log'
[0.797s] Invoked command in '/Users/felipemesa/miniconda3/envs/ros2/src/tarea_ros' returned '0': CONDA_PROMPT_MODIFIER=(ros2) PYTHONPATH=/Users/felipemesa/miniconda3/envs/ros2/src/tarea_ros/build/tarea_ros/prefix_override:/Users/felipemesa/miniconda3/envs/ros2/lib/python3.11/site-packages/colcon_core/task/python/colcon_distutils_commands:/Users/felipemesa/miniconda3/envs/ros2/src/tarea_ros/install/tarea_ros/lib/python3.11/site-packages:${PYTHONPATH} SHLVL=2 _=/Users/felipemesa/miniconda3/envs/ros2/bin/env /Users/felipemesa/miniconda3/envs/ros2/bin/python3.11 -W ignore:setup.py install is deprecated setup.py egg_info --egg-base build/tarea_ros build --build-base /Users/felipemesa/miniconda3/envs/ros2/src/tarea_ros/build/tarea_ros/build install --record /Users/felipemesa/miniconda3/envs/ros2/src/tarea_ros/build/tarea_ros/install.log --single-version-externally-managed install_data
