[0.198s] [34mcolcon[0m [1;30mDEBUG[0m [32mCommand line arguments: ['/Users/felipemesa/miniconda3/envs/ros2/bin/colcon', 'build'][0m
[0.198s] [34mcolcon[0m [1;30mDEBUG[0m [32mParsed command line arguments: Namespace(log_base=None, log_level=None, verb_name='build', build_base='build', install_base='install', merge_install=False, symlink_install=False, test_result_base=None, continue_on_error=False, executor='parallel', parallel_workers=8, event_handlers=None, ignore_user_meta=False, metas=['./colcon.meta'], base_paths=['.'], packages_ignore=None, packages_ignore_regex=None, paths=None, packages_up_to=None, packages_up_to_regex=None, packages_above=None, packages_above_and_dependencies=None, packages_above_depth=None, packages_select_by_dep=None, packages_skip_by_dep=None, packages_skip_up_to=None, packages_select_build_failed=False, packages_skip_build_finished=False, packages_select_test_failures=False, packages_skip_test_passed=False, packages_select=None, packages_skip=None, packages_select_regex=None, packages_skip_regex=None, packages_start=None, packages_end=None, cmake_args=None, cmake_target=None, cmake_target_skip_unavailable=False, cmake_clean_cache=False, cmake_clean_first=False, cmake_force_configure=False, ament_cmake_args=None, catkin_cmake_args=None, catkin_skip_building_tests=False, verb_parser=<colcon_defaults.argument_parser.defaults.DefaultArgumentsDecorator object at 0x1059a0590>, verb_extension=<colcon_core.verb.build.BuildVerb object at 0x10598bf90>, main=<bound method BuildVerb.main of <colcon_core.verb.build.BuildVerb object at 0x10598bf90>>)[0m
[0.249s] [34mcolcon.colcon_core.package_discovery[0m [1;30mLevel 1[0m discover_packages(colcon_meta) check parameters
[0.249s] [34mcolcon.colcon_core.package_discovery[0m [1;30mLevel 1[0m discover_packages(recursive) check parameters
[0.249s] [34mcolcon.colcon_core.package_discovery[0m [1;30mLevel 1[0m discover_packages(ignore) check parameters
[0.249s] [34mcolcon.colcon_core.package_discovery[0m [1;30mLevel 1[0m discover_packages(path) check parameters
[0.249s] [34mcolcon.colcon_core.package_discovery[0m [1;30mLevel 1[0m discover_packages(colcon_meta) discover
[0.249s] [34mcolcon.colcon_core.package_discovery[0m [1;30mLevel 1[0m discover_packages(recursive) discover
[0.250s] [34mcolcon.colcon_core.package_discovery[0m [1;30mINFO[0m Crawling recursively for packages in '/Users/felipemesa/miniconda3/envs/ros2/src/tarea_ros'
[0.250s] [34mcolcon.colcon_core.package_identification[0m [1;30mLevel 1[0m _identify(.) by extensions ['ignore', 'ignore_ament_install']
[0.250s] [34mcolcon.colcon_core.package_identification[0m [1;30mLevel 1[0m _identify(.) by extension 'ignore'
[0.250s] [34mcolcon.colcon_core.package_identification[0m [1;30mLevel 1[0m _identify(.) by extension 'ignore_ament_install'
[0.250s] [34mcolcon.colcon_core.package_identification[0m [1;30mLevel 1[0m _identify(.) by extensions ['colcon_pkg']
[0.250s] [34mcolcon.colcon_core.package_identification[0m [1;30mLevel 1[0m _identify(.) by extension 'colcon_pkg'
[0.250s] [34mcolcon.colcon_core.package_identification[0m [1;30mLevel 1[0m _identify(.) by extensions ['colcon_meta']
[0.250s] [34mcolcon.colcon_core.package_identification[0m [1;30mLevel 1[0m _identify(.) by extension 'colcon_meta'
[0.250s] [34mcolcon.colcon_core.package_identification[0m [1;30mLevel 1[0m _identify(.) by extensions ['ros']
[0.250s] [34mcolcon.colcon_core.package_identification[0m [1;30mLevel 1[0m _identify(.) by extension 'ros'
[0.310s] [34mcolcon.colcon_core.package_identification[0m [1;30mDEBUG[0m [32mPackage '.' with type 'ros.ament_python' and name 'tarea_ros'[0m
[0.310s] [34mcolcon.colcon_core.package_discovery[0m [1;30mLevel 1[0m discover_packages(recursive) using defaults
[0.310s] [34mcolcon.colcon_core.package_discovery[0m [1;30mLevel 1[0m discover_packages(ignore) discover
[0.310s] [34mcolcon.colcon_core.package_discovery[0m [1;30mLevel 1[0m discover_packages(ignore) using defaults
[0.310s] [34mcolcon.colcon_core.package_discovery[0m [1;30mLevel 1[0m discover_packages(path) discover
[0.311s] [34mcolcon.colcon_core.package_discovery[0m [1;30mLevel 1[0m discover_packages(path) using defaults
[0.326s] [34mcolcon.colcon_core.verb[0m [1;30mLevel 5[0m set package 'tarea_ros' build argument 'cmake_args' from command line to 'None'
[0.326s] [34mcolcon.colcon_core.verb[0m [1;30mLevel 5[0m set package 'tarea_ros' build argument 'cmake_target' from command line to 'None'
[0.326s] [34mcolcon.colcon_core.verb[0m [1;30mLevel 5[0m set package 'tarea_ros' build argument 'cmake_target_skip_unavailable' from command line to 'False'
[0.326s] [34mcolcon.colcon_core.verb[0m [1;30mLevel 5[0m set package 'tarea_ros' build argument 'cmake_clean_cache' from command line to 'False'
[0.326s] [34mcolcon.colcon_core.verb[0m [1;30mLevel 5[0m set package 'tarea_ros' build argument 'cmake_clean_first' from command line to 'False'
[0.326s] [34mcolcon.colcon_core.verb[0m [1;30mLevel 5[0m set package 'tarea_ros' build argument 'cmake_force_configure' from command line to 'False'
[0.326s] [34mcolcon.colcon_core.verb[0m [1;30mLevel 5[0m set package 'tarea_ros' build argument 'ament_cmake_args' from command line to 'None'
[0.326s] [34mcolcon.colcon_core.verb[0m [1;30mLevel 5[0m set package 'tarea_ros' build argument 'catkin_cmake_args' from command line to 'None'
[0.326s] [34mcolcon.colcon_core.verb[0m [1;30mLevel 5[0m set package 'tarea_ros' build argument 'catkin_skip_building_tests' from command line to 'False'
[0.326s] [34mcolcon.colcon_core.verb[0m [1;30mDEBUG[0m [32mBuilding package 'tarea_ros' with the following arguments: {'ament_cmake_args': None, 'build_base': '/Users/felipemesa/miniconda3/envs/ros2/src/tarea_ros/build/tarea_ros', 'catkin_cmake_args': None, 'catkin_skip_building_tests': False, 'cmake_args': None, 'cmake_clean_cache': False, 'cmake_clean_first': False, 'cmake_force_configure': False, 'cmake_target': None, 'cmake_target_skip_unavailable': False, 'install_base': '/Users/felipemesa/miniconda3/envs/ros2/src/tarea_ros/install/tarea_ros', 'merge_install': False, 'path': '/Users/felipemesa/miniconda3/envs/ros2/src/tarea_ros', 'symlink_install': False, 'test_result_base': None}[0m
[0.326s] [34mcolcon.colcon_core.executor[0m [1;30mINFO[0m Executing jobs using 'parallel' executor
[0.327s] [34mcolcon.colcon_parallel_executor.executor.parallel[0m [1;30mDEBUG[0m [32mrun_until_complete[0m
[0.327s] [34mcolcon.colcon_ros.task.ament_python.build[0m [1;30mINFO[0m Building ROS package in '/Users/felipemesa/miniconda3/envs/ros2/src/tarea_ros' with build type 'ament_python'
[0.327s] [34mcolcon.colcon_core.shell[0m [1;30mLevel 1[0m create_environment_hook('tarea_ros', 'ament_prefix_path')
[0.330s] [34mcolcon.colcon_core.plugin_system[0m [1;30mINFO[0m Skipping extension 'colcon_core.shell.bat': Not used on non-Windows systems
[0.330s] [34mcolcon.colcon_core.shell[0m [1;30mINFO[0m Creating environment hook '/Users/felipemesa/miniconda3/envs/ros2/src/tarea_ros/install/tarea_ros/share/tarea_ros/hook/ament_prefix_path.ps1'
[0.331s] [34mcolcon.colcon_core.shell[0m [1;30mINFO[0m Creating environment descriptor '/Users/felipemesa/miniconda3/envs/ros2/src/tarea_ros/install/tarea_ros/share/tarea_ros/hook/ament_prefix_path.dsv'
[0.332s] [34mcolcon.colcon_core.shell[0m [1;30mINFO[0m Creating environment hook '/Users/felipemesa/miniconda3/envs/ros2/src/tarea_ros/install/tarea_ros/share/tarea_ros/hook/ament_prefix_path.sh'
[0.332s] [34mcolcon.colcon_core.shell[0m [1;30mINFO[0m Skip shell extension 'powershell' for command environment: Not usable outside of PowerShell
[0.332s] [34mcolcon.colcon_core.shell[0m [1;30mDEBUG[0m [32mSkip shell extension 'dsv' for command environment[0m
[0.483s] [34mcolcon.colcon_core.task.python.build[0m [1;30mINFO[0m Building Python package in '/Users/felipemesa/miniconda3/envs/ros2/src/tarea_ros'
[0.483s] [34mcolcon.colcon_core.shell[0m [1;30mINFO[0m Skip shell extension 'powershell' for command environment: Not usable outside of PowerShell
[0.483s] [34mcolcon.colcon_core.shell[0m [1;30mDEBUG[0m [32mSkip shell extension 'dsv' for command environment[0m
[0.805s] [34mcolcon.colcon_core.event_handler.log_command[0m [1;30mDEBUG[0m [32mInvoking command in '/Users/felipemesa/miniconda3/envs/ros2/src/tarea_ros': CONDA_PROMPT_MODIFIER=(ros2) PYTHONPATH=/Users/felipemesa/miniconda3/envs/ros2/src/tarea_ros/build/tarea_ros/prefix_override:/Users/felipemesa/miniconda3/envs/ros2/lib/python3.11/site-packages/colcon_core/task/python/colcon_distutils_commands:/Users/felipemesa/miniconda3/envs/ros2/src/tarea_ros/install/tarea_ros/lib/python3.11/site-packages:${PYTHONPATH} SHLVL=3 _=/usr/bin/env /Users/felipemesa/miniconda3/envs/ros2/bin/python3.11 -W ignore:setup.py install is deprecated setup.py egg_info --egg-base build/tarea_ros build --build-base /Users/felipemesa/miniconda3/envs/ros2/src/tarea_ros/build/tarea_ros/build install --record /Users/felipemesa/miniconda3/envs/ros2/src/tarea_ros/build/tarea_ros/install.log --single-version-externally-managed install_data[0m
[1.085s] [34mcolcon.colcon_core.event_handler.log_command[0m [1;30mDEBUG[0m [32mInvoked command in '/Users/felipemesa/miniconda3/envs/ros2/src/tarea_ros' returned '0': CONDA_PROMPT_MODIFIER=(ros2) PYTHONPATH=/Users/felipemesa/miniconda3/envs/ros2/src/tarea_ros/build/tarea_ros/prefix_override:/Users/felipemesa/miniconda3/envs/ros2/lib/python3.11/site-packages/colcon_core/task/python/colcon_distutils_commands:/Users/felipemesa/miniconda3/envs/ros2/src/tarea_ros/install/tarea_ros/lib/python3.11/site-packages:${PYTHONPATH} SHLVL=3 _=/usr/bin/env /Users/felipemesa/miniconda3/envs/ros2/bin/python3.11 -W ignore:setup.py install is deprecated setup.py egg_info --egg-base build/tarea_ros build --build-base /Users/felipemesa/miniconda3/envs/ros2/src/tarea_ros/build/tarea_ros/build install --record /Users/felipemesa/miniconda3/envs/ros2/src/tarea_ros/build/tarea_ros/install.log --single-version-externally-managed install_data[0m
[1.089s] [34mcolcon.colcon_core.environment[0m [1;30mLevel 1[0m checking '/Users/felipemesa/miniconda3/envs/ros2/src/tarea_ros/install/tarea_ros' for CMake module files
[1.090s] [34mcolcon.colcon_core.environment[0m [1;30mLevel 1[0m checking '/Users/felipemesa/miniconda3/envs/ros2/src/tarea_ros/install/tarea_ros' for CMake config files
[1.090s] [34mcolcon.colcon_core.environment[0m [1;30mLevel 1[0m checking '/Users/felipemesa/miniconda3/envs/ros2/src/tarea_ros/install/tarea_ros/lib'
[1.090s] [34mcolcon.colcon_core.environment[0m [1;30mLevel 1[0m checking '/Users/felipemesa/miniconda3/envs/ros2/src/tarea_ros/install/tarea_ros/bin'
[1.090s] [34mcolcon.colcon_core.environment[0m [1;30mLevel 1[0m checking '/Users/felipemesa/miniconda3/envs/ros2/src/tarea_ros/install/tarea_ros/lib/pkgconfig/tarea_ros.pc'
[1.090s] [34mcolcon.colcon_core.environment[0m [1;30mLevel 1[0m checking '/Users/felipemesa/miniconda3/envs/ros2/src/tarea_ros/install/tarea_ros/lib/python3.11/site-packages'
[1.090s] [34mcolcon.colcon_core.shell[0m [1;30mLevel 1[0m create_environment_hook('tarea_ros', 'pythonpath')
[1.091s] [34mcolcon.colcon_core.shell[0m [1;30mINFO[0m Creating environment hook '/Users/felipemesa/miniconda3/envs/ros2/src/tarea_ros/install/tarea_ros/share/tarea_ros/hook/pythonpath.ps1'
[1.091s] [34mcolcon.colcon_core.shell[0m [1;30mINFO[0m Creating environment descriptor '/Users/felipemesa/miniconda3/envs/ros2/src/tarea_ros/install/tarea_ros/share/tarea_ros/hook/pythonpath.dsv'
[1.091s] [34mcolcon.colcon_core.shell[0m [1;30mINFO[0m Creating environment hook '/Users/felipemesa/miniconda3/envs/ros2/src/tarea_ros/install/tarea_ros/share/tarea_ros/hook/pythonpath.sh'
[1.091s] [34mcolcon.colcon_core.environment[0m [1;30mLevel 1[0m checking '/Users/felipemesa/miniconda3/envs/ros2/src/tarea_ros/install/tarea_ros/bin'
[1.091s] [34mcolcon.colcon_core.environment[0m [1;30mLevel 1[0m create_environment_scripts_only(tarea_ros)
[1.092s] [34mcolcon.colcon_core.shell[0m [1;30mINFO[0m Creating package script '/Users/felipemesa/miniconda3/envs/ros2/src/tarea_ros/install/tarea_ros/share/tarea_ros/package.ps1'
[1.092s] [34mcolcon.colcon_core.shell[0m [1;30mINFO[0m Creating package descriptor '/Users/felipemesa/miniconda3/envs/ros2/src/tarea_ros/install/tarea_ros/share/tarea_ros/package.dsv'
[1.093s] [34mcolcon.colcon_core.shell[0m [1;30mINFO[0m Creating package script '/Users/felipemesa/miniconda3/envs/ros2/src/tarea_ros/install/tarea_ros/share/tarea_ros/package.sh'
[1.093s] [34mcolcon.colcon_core.shell[0m [1;30mINFO[0m Creating package script '/Users/felipemesa/miniconda3/envs/ros2/src/tarea_ros/install/tarea_ros/share/tarea_ros/package.bash'
[1.094s] [34mcolcon.colcon_core.shell[0m [1;30mINFO[0m Creating package script '/Users/felipemesa/miniconda3/envs/ros2/src/tarea_ros/install/tarea_ros/share/tarea_ros/package.zsh'
[1.094s] [34mcolcon.colcon_core.environment[0m [1;30mLevel 1[0m create_file_with_runtime_dependencies(/Users/felipemesa/miniconda3/envs/ros2/src/tarea_ros/install/tarea_ros/share/colcon-core/packages/tarea_ros)
[1.095s] [34mcolcon.colcon_parallel_executor.executor.parallel[0m [1;30mDEBUG[0m [32mclosing loop[0m
[1.095s] [34mcolcon.colcon_parallel_executor.executor.parallel[0m [1;30mDEBUG[0m [32mloop closed[0m
[1.095s] [34mcolcon.colcon_parallel_executor.executor.parallel[0m [1;30mDEBUG[0m [32mrun_until_complete finished with '0'[0m
[1.095s] [34mcolcon.colcon_core.event_reactor[0m [1;30mDEBUG[0m [32mjoining thread[0m
[1.097s] [34mcolcon.colcon_core.plugin_system[0m [1;30mINFO[0m Skipping extension 'colcon_notification.desktop_notification.notify2': 'notify2' not found
[1.097s] [34mcolcon.colcon_core.plugin_system[0m [1;30mINFO[0m Skipping extension 'colcon_notification.desktop_notification.notify_send': Not used on non-Linux systems
[1.097s] [34mcolcon.colcon_core.plugin_system[0m [1;30mINFO[0m Skipping extension 'colcon_notification.desktop_notification.win32': Not used on non-Windows systems
[1.097s] [34mcolcon.colcon_notification.desktop_notification[0m [1;30mINFO[0m Sending desktop notification using 'terminal_notifier'
[1.201s] [34mcolcon.colcon_core.event_reactor[0m [1;30mDEBUG[0m [32mjoined thread[0m
[1.202s] [34mcolcon.colcon_core.shell[0m [1;30mINFO[0m Creating prefix script '/Users/felipemesa/miniconda3/envs/ros2/src/tarea_ros/install/local_setup.ps1'
[1.203s] [34mcolcon.colcon_core.shell[0m [1;30mINFO[0m Creating prefix util module '/Users/felipemesa/miniconda3/envs/ros2/src/tarea_ros/install/_local_setup_util_ps1.py'
[1.204s] [34mcolcon.colcon_core.shell[0m [1;30mINFO[0m Creating prefix chain script '/Users/felipemesa/miniconda3/envs/ros2/src/tarea_ros/install/setup.ps1'
[1.205s] [34mcolcon.colcon_core.shell[0m [1;30mINFO[0m Creating prefix script '/Users/felipemesa/miniconda3/envs/ros2/src/tarea_ros/install/local_setup.sh'
[1.206s] [34mcolcon.colcon_core.shell[0m [1;30mINFO[0m Creating prefix util module '/Users/felipemesa/miniconda3/envs/ros2/src/tarea_ros/install/_local_setup_util_sh.py'
[1.206s] [34mcolcon.colcon_core.shell[0m [1;30mINFO[0m Creating prefix chain script '/Users/felipemesa/miniconda3/envs/ros2/src/tarea_ros/install/setup.sh'
[1.207s] [34mcolcon.colcon_core.shell[0m [1;30mINFO[0m Creating prefix script '/Users/felipemesa/miniconda3/envs/ros2/src/tarea_ros/install/local_setup.bash'
[1.208s] [34mcolcon.colcon_core.shell[0m [1;30mINFO[0m Creating prefix chain script '/Users/felipemesa/miniconda3/envs/ros2/src/tarea_ros/install/setup.bash'
[1.209s] [34mcolcon.colcon_core.shell[0m [1;30mINFO[0m Creating prefix script '/Users/felipemesa/miniconda3/envs/ros2/src/tarea_ros/install/local_setup.zsh'
[1.209s] [34mcolcon.colcon_core.shell[0m [1;30mINFO[0m Creating prefix chain script '/Users/felipemesa/miniconda3/envs/ros2/src/tarea_ros/install/setup.zsh'
